CRITICAL - 2023-10-19 18:05:46 --> Undefined variable $idgrado
in APPPATH\Views\alumno\agregar2.php on line 39.
 1 APPPATH\Views\alumno\agregar2.php(39): CodeIgniter\Debug\Exceptions->errorHandler(2, 'Undefined variable $idgrado', 'C:\\xampp\\htdocs\\ApliConCodeIgniter4\\app\\Views\\alumno\\agregar2.php', 39)
 2 SYSTEMPATH\View\View.php(226): include('C:\\xampp\\htdocs\\ApliConCodeIgniter4\\app\\Views\\alumno\\agregar2.php')
 3 SYSTEMPATH\View\View.php(229): CodeIgniter\View\View->CodeIgniter\View\{closure}()
 4 SYSTEMPATH\Common.php(1188): CodeIgniter\View\View->render('alumno/agregar2', [], true)
 5 APPPATH\Controllers\Alumno.php(40): view('alumno/agregar2')
 6 SYSTEMPATH\CodeIgniter.php(919): App\Controllers\Alumno->agreg()
 7 SYSTEMPATH\CodeIgniter.php(494): CodeIgniter\CodeIgniter->runController(Object(App\Controllers\Alumno))
 8 SYSTEMPATH\CodeIgniter.php(353): CodeIgniter\CodeIgniter->handleRequest(null, Object(Config\Cache), false)
 9 FCPATH\index.php(79): CodeIgniter\CodeIgniter->run()
10 SYSTEMPATH\Commands\Server\rewrite.php(47): require_once('C:\\xampp\\htdocs\\ApliConCodeIgniter4\\public\\index.php')
CRITICAL - 2023-10-19 18:06:38 --> Undefined variable $idgrado
in APPPATH\Views\alumno\agregar2.php on line 39.
 1 APPPATH\Views\alumno\agregar2.php(39): CodeIgniter\Debug\Exceptions->errorHandler(2, 'Undefined variable $idgrado', 'C:\\xampp\\htdocs\\ApliConCodeIgniter4\\app\\Views\\alumno\\agregar2.php', 39)
 2 SYSTEMPATH\View\View.php(226): include('C:\\xampp\\htdocs\\ApliConCodeIgniter4\\app\\Views\\alumno\\agregar2.php')
 3 SYSTEMPATH\View\View.php(229): CodeIgniter\View\View->CodeIgniter\View\{closure}()
 4 SYSTEMPATH\Common.php(1188): CodeIgniter\View\View->render('alumno/agregar2', [], true)
 5 APPPATH\Controllers\Alumno.php(40): view('alumno/agregar2')
 6 SYSTEMPATH\CodeIgniter.php(919): App\Controllers\Alumno->agreg()
 7 SYSTEMPATH\CodeIgniter.php(494): CodeIgniter\CodeIgniter->runController(Object(App\Controllers\Alumno))
 8 SYSTEMPATH\CodeIgniter.php(353): CodeIgniter\CodeIgniter->handleRequest(null, Object(Config\Cache), false)
 9 FCPATH\index.php(79): CodeIgniter\CodeIgniter->run()
10 SYSTEMPATH\Commands\Server\rewrite.php(47): require_once('C:\\xampp\\htdocs\\ApliConCodeIgniter4\\public\\index.php')
CRITICAL - 2023-10-19 18:07:20 --> Undefined variable $idgrado
in APPPATH\Views\alumno\agregar2.php on line 39.
 1 APPPATH\Views\alumno\agregar2.php(39): CodeIgniter\Debug\Exceptions->errorHandler(2, 'Undefined variable $idgrado', 'C:\\xampp\\htdocs\\ApliConCodeIgniter4\\app\\Views\\alumno\\agregar2.php', 39)
 2 SYSTEMPATH\View\View.php(226): include('C:\\xampp\\htdocs\\ApliConCodeIgniter4\\app\\Views\\alumno\\agregar2.php')
 3 SYSTEMPATH\View\View.php(229): CodeIgniter\View\View->CodeIgniter\View\{closure}()
 4 SYSTEMPATH\Common.php(1188): CodeIgniter\View\View->render('alumno/agregar2', [], true)
 5 APPPATH\Controllers\Alumno.php(40): view('alumno/agregar2')
 6 SYSTEMPATH\CodeIgniter.php(919): App\Controllers\Alumno->agreg()
 7 SYSTEMPATH\CodeIgniter.php(494): CodeIgniter\CodeIgniter->runController(Object(App\Controllers\Alumno))
 8 SYSTEMPATH\CodeIgniter.php(353): CodeIgniter\CodeIgniter->handleRequest(null, Object(Config\Cache), false)
 9 FCPATH\index.php(79): CodeIgniter\CodeIgniter->run()
10 SYSTEMPATH\Commands\Server\rewrite.php(47): require_once('C:\\xampp\\htdocs\\ApliConCodeIgniter4\\public\\index.php')
CRITICAL - 2023-10-19 18:08:21 --> Undefined variable $idgrado
in APPPATH\Views\alumno\agregar2.php on line 39.
 1 APPPATH\Views\alumno\agregar2.php(39): CodeIgniter\Debug\Exceptions->errorHandler(2, 'Undefined variable $idgrado', 'C:\\xampp\\htdocs\\ApliConCodeIgniter4\\app\\Views\\alumno\\agregar2.php', 39)
 2 SYSTEMPATH\View\View.php(226): include('C:\\xampp\\htdocs\\ApliConCodeIgniter4\\app\\Views\\alumno\\agregar2.php')
 3 SYSTEMPATH\View\View.php(229): CodeIgniter\View\View->CodeIgniter\View\{closure}()
 4 SYSTEMPATH\Common.php(1188): CodeIgniter\View\View->render('alumno/agregar2', [], true)
 5 APPPATH\Controllers\Alumno.php(40): view('alumno/agregar2', [...])
 6 SYSTEMPATH\CodeIgniter.php(919): App\Controllers\Alumno->agreg()
 7 SYSTEMPATH\CodeIgniter.php(494): CodeIgniter\CodeIgniter->runController(Object(App\Controllers\Alumno))
 8 SYSTEMPATH\CodeIgniter.php(353): CodeIgniter\CodeIgniter->handleRequest(null, Object(Config\Cache), false)
 9 FCPATH\index.php(79): CodeIgniter\CodeIgniter->run()
10 SYSTEMPATH\Commands\Server\rewrite.php(47): require_once('C:\\xampp\\htdocs\\ApliConCodeIgniter4\\public\\index.php')
CRITICAL - 2023-10-19 18:23:29 --> Call to undefined method App\Models\AlumnoModel::inser
in SYSTEMPATH\Model.php on line 873.
 1 APPPATH\Controllers\Alumno.php(71): CodeIgniter\Model->__call('inser', [...])
 2 APPPATH\Controllers\Alumno.php(56): App\Controllers\Alumno->inser()
 3 SYSTEMPATH\CodeIgniter.php(919): App\Controllers\Alumno->agreg()
 4 SYSTEMPATH\CodeIgniter.php(494): CodeIgniter\CodeIgniter->runController(Object(App\Controllers\Alumno))
 5 SYSTEMPATH\CodeIgniter.php(353): CodeIgniter\CodeIgniter->handleRequest(null, Object(Config\Cache), false)
 6 FCPATH\index.php(79): CodeIgniter\CodeIgniter->run()
 7 SYSTEMPATH\Commands\Server\rewrite.php(47): require_once('C:\\xampp\\htdocs\\ApliConCodeIgniter4\\public\\index.php')
CRITICAL - 2023-10-19 18:26:00 --> Undefined array key "idgrado"
in APPPATH\Controllers\Alumno.php on line 68.
 1 APPPATH\Controllers\Alumno.php(68): CodeIgniter\Debug\Exceptions->errorHandler(2, 'Undefined array key "idgrado"', 'C:\\xampp\\htdocs\\ApliConCodeIgniter4\\app\\Controllers\\Alumno.php', 68)
 2 APPPATH\Controllers\Alumno.php(56): App\Controllers\Alumno->inser()
 3 SYSTEMPATH\CodeIgniter.php(919): App\Controllers\Alumno->agreg()
 4 SYSTEMPATH\CodeIgniter.php(494): CodeIgniter\CodeIgniter->runController(Object(App\Controllers\Alumno))
 5 SYSTEMPATH\CodeIgniter.php(353): CodeIgniter\CodeIgniter->handleRequest(null, Object(Config\Cache), false)
 6 FCPATH\index.php(79): CodeIgniter\CodeIgniter->run()
 7 SYSTEMPATH\Commands\Server\rewrite.php(47): require_once('C:\\xampp\\htdocs\\ApliConCodeIgniter4\\public\\index.php')
