CRITICAL - 2023-10-13 19:15:48 --> Undefined variable $Validation
in APPPATH\Views\carrera\agregar.php on line 3.
 1 APPPATH\Views\carrera\agregar.php(3): CodeIgniter\Debug\Exceptions->errorHandler(2, 'Undefined variable $Validation', 'C:\\xampp\\htdocs\\ApliConCodeIgniter4\\app\\Views\\carrera\\agregar.php', 3)
 2 SYSTEMPATH\View\View.php(226): include('C:\\xampp\\htdocs\\ApliConCodeIgniter4\\app\\Views\\carrera\\agregar.php')
 3 SYSTEMPATH\View\View.php(229): CodeIgniter\View\View->CodeIgniter\View\{closure}()
 4 SYSTEMPATH\Common.php(1188): CodeIgniter\View\View->render('carrera/agregar', [], true)
 5 APPPATH\Controllers\Carrera.php(40): view('carrera/agregar', [...])
 6 SYSTEMPATH\CodeIgniter.php(919): App\Controllers\Carrera->agregar()
 7 SYSTEMPATH\CodeIgniter.php(494): CodeIgniter\CodeIgniter->runController(Object(App\Controllers\Carrera))
 8 SYSTEMPATH\CodeIgniter.php(353): CodeIgniter\CodeIgniter->handleRequest(null, Object(Config\Cache), false)
 9 FCPATH\index.php(79): CodeIgniter\CodeIgniter->run()
10 SYSTEMPATH\Commands\Server\rewrite.php(47): require_once('C:\\xampp\\htdocs\\ApliConCodeIgniter4\\public\\index.php')
CRITICAL - 2023-10-13 19:28:39 --> Undefined property: stdClass::$acronino
in APPPATH\Views\carrera\mostrar.php on line 20.
 1 APPPATH\Views\carrera\mostrar.php(20): CodeIgniter\Debug\Exceptions->errorHandler(2, 'Undefined property: stdClass::$acronino', 'C:\\xampp\\htdocs\\ApliConCodeIgniter4\\app\\Views\\carrera\\mostrar.php', 20)
 2 SYSTEMPATH\View\View.php(226): include('C:\\xampp\\htdocs\\ApliConCodeIgniter4\\app\\Views\\carrera\\mostrar.php')
 3 SYSTEMPATH\View\View.php(229): CodeIgniter\View\View->CodeIgniter\View\{closure}()
 4 SYSTEMPATH\Common.php(1188): CodeIgniter\View\View->render('carrera/mostrar', [], true)
 5 APPPATH\Controllers\Carrera.php(20): view('carrera/mostrar', [...])
 6 SYSTEMPATH\CodeIgniter.php(919): App\Controllers\Carrera->mostrar()
 7 SYSTEMPATH\CodeIgniter.php(494): CodeIgniter\CodeIgniter->runController(Object(App\Controllers\Carrera))
 8 SYSTEMPATH\CodeIgniter.php(353): CodeIgniter\CodeIgniter->handleRequest(null, Object(Config\Cache), false)
 9 FCPATH\index.php(79): CodeIgniter\CodeIgniter->run()
10 SYSTEMPATH\Commands\Server\rewrite.php(47): require_once('C:\\xampp\\htdocs\\ApliConCodeIgniter4\\public\\index.php')
CRITICAL - 2023-10-13 19:36:01 --> Undefined variable $carreras
in APPPATH\Views\carrera\mostrar.php on line 17.
 1 APPPATH\Views\carrera\mostrar.php(17): CodeIgniter\Debug\Exceptions->errorHandler(2, 'Undefined variable $carreras', 'C:\\xampp\\htdocs\\ApliConCodeIgniter4\\app\\Views\\carrera\\mostrar.php', 17)
 2 SYSTEMPATH\View\View.php(226): include('C:\\xampp\\htdocs\\ApliConCodeIgniter4\\app\\Views\\carrera\\mostrar.php')
 3 SYSTEMPATH\View\View.php(229): CodeIgniter\View\View->CodeIgniter\View\{closure}()
 4 SYSTEMPATH\Common.php(1188): CodeIgniter\View\View->render('carrera/mostrar', [], true)
 5 APPPATH\Controllers\Carrera.php(40): view('carrera/mostrar')
 6 SYSTEMPATH\CodeIgniter.php(919): App\Controllers\Carrera->agregar()
 7 SYSTEMPATH\CodeIgniter.php(494): CodeIgniter\CodeIgniter->runController(Object(App\Controllers\Carrera))
 8 SYSTEMPATH\CodeIgniter.php(353): CodeIgniter\CodeIgniter->handleRequest(null, Object(Config\Cache), false)
 9 FCPATH\index.php(79): CodeIgniter\CodeIgniter->run()
10 SYSTEMPATH\Commands\Server\rewrite.php(47): require_once('C:\\xampp\\htdocs\\ApliConCodeIgniter4\\public\\index.php')
CRITICAL - 2023-10-13 19:37:01 --> Undefined variable $carreras
in APPPATH\Views\carrera\mostrar.php on line 17.
 1 APPPATH\Views\carrera\mostrar.php(17): CodeIgniter\Debug\Exceptions->errorHandler(2, 'Undefined variable $carreras', 'C:\\xampp\\htdocs\\ApliConCodeIgniter4\\app\\Views\\carrera\\mostrar.php', 17)
 2 SYSTEMPATH\View\View.php(226): include('C:\\xampp\\htdocs\\ApliConCodeIgniter4\\app\\Views\\carrera\\mostrar.php')
 3 SYSTEMPATH\View\View.php(229): CodeIgniter\View\View->CodeIgniter\View\{closure}()
 4 SYSTEMPATH\Common.php(1188): CodeIgniter\View\View->render('carrera/mostrar', [], true)
 5 APPPATH\Controllers\Carrera.php(40): view('carrera/mostrar')
 6 SYSTEMPATH\CodeIgniter.php(919): App\Controllers\Carrera->agregar()
 7 SYSTEMPATH\CodeIgniter.php(494): CodeIgniter\CodeIgniter->runController(Object(App\Controllers\Carrera))
 8 SYSTEMPATH\CodeIgniter.php(353): CodeIgniter\CodeIgniter->handleRequest(null, Object(Config\Cache), false)
 9 FCPATH\index.php(79): CodeIgniter\CodeIgniter->run()
10 SYSTEMPATH\Commands\Server\rewrite.php(47): require_once('C:\\xampp\\htdocs\\ApliConCodeIgniter4\\public\\index.php')
CRITICAL - 2023-10-13 19:39:45 --> Undefined variable $carreras
in APPPATH\Views\carrera\mostrar.php on line 17.
 1 APPPATH\Views\carrera\mostrar.php(17): CodeIgniter\Debug\Exceptions->errorHandler(2, 'Undefined variable $carreras', 'C:\\xampp\\htdocs\\ApliConCodeIgniter4\\app\\Views\\carrera\\mostrar.php', 17)
 2 SYSTEMPATH\View\View.php(226): include('C:\\xampp\\htdocs\\ApliConCodeIgniter4\\app\\Views\\carrera\\mostrar.php')
 3 SYSTEMPATH\View\View.php(229): CodeIgniter\View\View->CodeIgniter\View\{closure}()
 4 SYSTEMPATH\Common.php(1188): CodeIgniter\View\View->render('carrera/mostrar', [], true)
 5 APPPATH\Controllers\Carrera.php(40): view('carrera/mostrar')
 6 SYSTEMPATH\CodeIgniter.php(919): App\Controllers\Carrera->agregar()
 7 SYSTEMPATH\CodeIgniter.php(494): CodeIgniter\CodeIgniter->runController(Object(App\Controllers\Carrera))
 8 SYSTEMPATH\CodeIgniter.php(353): CodeIgniter\CodeIgniter->handleRequest(null, Object(Config\Cache), false)
 9 FCPATH\index.php(79): CodeIgniter\CodeIgniter->run()
10 SYSTEMPATH\Commands\Server\rewrite.php(47): require_once('C:\\xampp\\htdocs\\ApliConCodeIgniter4\\public\\index.php')
CRITICAL - 2023-10-13 19:39:49 --> Undefined variable $carreras
in APPPATH\Views\carrera\mostrar.php on line 17.
 1 APPPATH\Views\carrera\mostrar.php(17): CodeIgniter\Debug\Exceptions->errorHandler(2, 'Undefined variable $carreras', 'C:\\xampp\\htdocs\\ApliConCodeIgniter4\\app\\Views\\carrera\\mostrar.php', 17)
 2 SYSTEMPATH\View\View.php(226): include('C:\\xampp\\htdocs\\ApliConCodeIgniter4\\app\\Views\\carrera\\mostrar.php')
 3 SYSTEMPATH\View\View.php(229): CodeIgniter\View\View->CodeIgniter\View\{closure}()
 4 SYSTEMPATH\Common.php(1188): CodeIgniter\View\View->render('carrera/mostrar', [], true)
 5 APPPATH\Controllers\Carrera.php(40): view('carrera/mostrar')
 6 SYSTEMPATH\CodeIgniter.php(919): App\Controllers\Carrera->agregar()
 7 SYSTEMPATH\CodeIgniter.php(494): CodeIgniter\CodeIgniter->runController(Object(App\Controllers\Carrera))
 8 SYSTEMPATH\CodeIgniter.php(353): CodeIgniter\CodeIgniter->handleRequest(null, Object(Config\Cache), false)
 9 FCPATH\index.php(79): CodeIgniter\CodeIgniter->run()
10 SYSTEMPATH\Commands\Server\rewrite.php(47): require_once('C:\\xampp\\htdocs\\ApliConCodeIgniter4\\public\\index.php')
CRITICAL - 2023-10-13 19:41:10 --> Undefined variable $carreras
in APPPATH\Views\carrera\mostrar.php on line 17.
 1 APPPATH\Views\carrera\mostrar.php(17): CodeIgniter\Debug\Exceptions->errorHandler(2, 'Undefined variable $carreras', 'C:\\xampp\\htdocs\\ApliConCodeIgniter4\\app\\Views\\carrera\\mostrar.php', 17)
 2 SYSTEMPATH\View\View.php(226): include('C:\\xampp\\htdocs\\ApliConCodeIgniter4\\app\\Views\\carrera\\mostrar.php')
 3 SYSTEMPATH\View\View.php(229): CodeIgniter\View\View->CodeIgniter\View\{closure}()
 4 SYSTEMPATH\Common.php(1188): CodeIgniter\View\View->render('carrera/mostrar', [], true)
 5 APPPATH\Controllers\Carrera.php(40): view('carrera/mostrar')
 6 SYSTEMPATH\CodeIgniter.php(919): App\Controllers\Carrera->agregar()
 7 SYSTEMPATH\CodeIgniter.php(494): CodeIgniter\CodeIgniter->runController(Object(App\Controllers\Carrera))
 8 SYSTEMPATH\CodeIgniter.php(353): CodeIgniter\CodeIgniter->handleRequest(null, Object(Config\Cache), false)
 9 FCPATH\index.php(79): CodeIgniter\CodeIgniter->run()
10 SYSTEMPATH\Commands\Server\rewrite.php(47): require_once('C:\\xampp\\htdocs\\ApliConCodeIgniter4\\public\\index.php')
CRITICAL - 2023-10-13 19:41:13 --> Undefined variable $carreras
in APPPATH\Views\carrera\mostrar.php on line 17.
 1 APPPATH\Views\carrera\mostrar.php(17): CodeIgniter\Debug\Exceptions->errorHandler(2, 'Undefined variable $carreras', 'C:\\xampp\\htdocs\\ApliConCodeIgniter4\\app\\Views\\carrera\\mostrar.php', 17)
 2 SYSTEMPATH\View\View.php(226): include('C:\\xampp\\htdocs\\ApliConCodeIgniter4\\app\\Views\\carrera\\mostrar.php')
 3 SYSTEMPATH\View\View.php(229): CodeIgniter\View\View->CodeIgniter\View\{closure}()
 4 SYSTEMPATH\Common.php(1188): CodeIgniter\View\View->render('carrera/mostrar', [], true)
 5 APPPATH\Controllers\Carrera.php(40): view('carrera/mostrar')
 6 SYSTEMPATH\CodeIgniter.php(919): App\Controllers\Carrera->agregar()
 7 SYSTEMPATH\CodeIgniter.php(494): CodeIgniter\CodeIgniter->runController(Object(App\Controllers\Carrera))
 8 SYSTEMPATH\CodeIgniter.php(353): CodeIgniter\CodeIgniter->handleRequest(null, Object(Config\Cache), false)
 9 FCPATH\index.php(79): CodeIgniter\CodeIgniter->run()
10 SYSTEMPATH\Commands\Server\rewrite.php(47): require_once('C:\\xampp\\htdocs\\ApliConCodeIgniter4\\public\\index.php')
CRITICAL - 2023-10-13 19:42:25 --> Undefined variable $carreras
in APPPATH\Views\carrera\mostrar.php on line 17.
 1 APPPATH\Views\carrera\mostrar.php(17): CodeIgniter\Debug\Exceptions->errorHandler(2, 'Undefined variable $carreras', 'C:\\xampp\\htdocs\\ApliConCodeIgniter4\\app\\Views\\carrera\\mostrar.php', 17)
 2 SYSTEMPATH\View\View.php(226): include('C:\\xampp\\htdocs\\ApliConCodeIgniter4\\app\\Views\\carrera\\mostrar.php')
 3 SYSTEMPATH\View\View.php(229): CodeIgniter\View\View->CodeIgniter\View\{closure}()
 4 SYSTEMPATH\Common.php(1188): CodeIgniter\View\View->render('carrera/mostrar', [], true)
 5 APPPATH\Controllers\Carrera.php(40): view('carrera/mostrar')
 6 SYSTEMPATH\CodeIgniter.php(919): App\Controllers\Carrera->agregar()
 7 SYSTEMPATH\CodeIgniter.php(494): CodeIgniter\CodeIgniter->runController(Object(App\Controllers\Carrera))
 8 SYSTEMPATH\CodeIgniter.php(353): CodeIgniter\CodeIgniter->handleRequest(null, Object(Config\Cache), false)
 9 FCPATH\index.php(79): CodeIgniter\CodeIgniter->run()
10 SYSTEMPATH\Commands\Server\rewrite.php(47): require_once('C:\\xampp\\htdocs\\ApliConCodeIgniter4\\public\\index.php')
CRITICAL - 2023-10-13 19:42:26 --> Undefined variable $carreras
in APPPATH\Views\carrera\mostrar.php on line 17.
 1 APPPATH\Views\carrera\mostrar.php(17): CodeIgniter\Debug\Exceptions->errorHandler(2, 'Undefined variable $carreras', 'C:\\xampp\\htdocs\\ApliConCodeIgniter4\\app\\Views\\carrera\\mostrar.php', 17)
 2 SYSTEMPATH\View\View.php(226): include('C:\\xampp\\htdocs\\ApliConCodeIgniter4\\app\\Views\\carrera\\mostrar.php')
 3 SYSTEMPATH\View\View.php(229): CodeIgniter\View\View->CodeIgniter\View\{closure}()
 4 SYSTEMPATH\Common.php(1188): CodeIgniter\View\View->render('carrera/mostrar', [], true)
 5 APPPATH\Controllers\Carrera.php(40): view('carrera/mostrar')
 6 SYSTEMPATH\CodeIgniter.php(919): App\Controllers\Carrera->agregar()
 7 SYSTEMPATH\CodeIgniter.php(494): CodeIgniter\CodeIgniter->runController(Object(App\Controllers\Carrera))
 8 SYSTEMPATH\CodeIgniter.php(353): CodeIgniter\CodeIgniter->handleRequest(null, Object(Config\Cache), false)
 9 FCPATH\index.php(79): CodeIgniter\CodeIgniter->run()
10 SYSTEMPATH\Commands\Server\rewrite.php(47): require_once('C:\\xampp\\htdocs\\ApliConCodeIgniter4\\public\\index.php')
CRITICAL - 2023-10-13 19:45:15 --> Undefined variable $carreras
in APPPATH\Views\carrera\mostrar.php on line 17.
 1 APPPATH\Views\carrera\mostrar.php(17): CodeIgniter\Debug\Exceptions->errorHandler(2, 'Undefined variable $carreras', 'C:\\xampp\\htdocs\\ApliConCodeIgniter4\\app\\Views\\carrera\\mostrar.php', 17)
 2 SYSTEMPATH\View\View.php(226): include('C:\\xampp\\htdocs\\ApliConCodeIgniter4\\app\\Views\\carrera\\mostrar.php')
 3 SYSTEMPATH\View\View.php(229): CodeIgniter\View\View->CodeIgniter\View\{closure}()
 4 SYSTEMPATH\Common.php(1188): CodeIgniter\View\View->render('carrera/mostrar', [], true)
 5 APPPATH\Controllers\Carrera.php(43): view('carrera/mostrar')
 6 SYSTEMPATH\CodeIgniter.php(919): App\Controllers\Carrera->agregar()
 7 SYSTEMPATH\CodeIgniter.php(494): CodeIgniter\CodeIgniter->runController(Object(App\Controllers\Carrera))
 8 SYSTEMPATH\CodeIgniter.php(353): CodeIgniter\CodeIgniter->handleRequest(null, Object(Config\Cache), false)
 9 FCPATH\index.php(79): CodeIgniter\CodeIgniter->run()
10 SYSTEMPATH\Commands\Server\rewrite.php(47): require_once('C:\\xampp\\htdocs\\ApliConCodeIgniter4\\public\\index.php')
CRITICAL - 2023-10-13 20:04:59 --> Undefined variable $alumnos
in APPPATH\Views\alumno\mostrar.php on line 13.
 1 APPPATH\Views\alumno\mostrar.php(13): CodeIgniter\Debug\Exceptions->errorHandler(2, 'Undefined variable $alumnos', 'C:\\xampp\\htdocs\\ApliConCodeIgniter4\\app\\Views\\alumno\\mostrar.php', 13)
 2 SYSTEMPATH\View\View.php(226): include('C:\\xampp\\htdocs\\ApliConCodeIgniter4\\app\\Views\\alumno\\mostrar.php')
 3 SYSTEMPATH\View\View.php(229): CodeIgniter\View\View->CodeIgniter\View\{closure}()
 4 SYSTEMPATH\Common.php(1188): CodeIgniter\View\View->render('alumno/mostrar', [], true)
 5 APPPATH\Controllers\Alumno.php(32): view('alumno/mostrar')
 6 SYSTEMPATH\CodeIgniter.php(919): App\Controllers\Alumno->agregar()
 7 SYSTEMPATH\CodeIgniter.php(494): CodeIgniter\CodeIgniter->runController(Object(App\Controllers\Alumno))
 8 SYSTEMPATH\CodeIgniter.php(353): CodeIgniter\CodeIgniter->handleRequest(null, Object(Config\Cache), false)
 9 FCPATH\index.php(79): CodeIgniter\CodeIgniter->run()
10 SYSTEMPATH\Commands\Server\rewrite.php(47): require_once('C:\\xampp\\htdocs\\ApliConCodeIgniter4\\public\\index.php')
CRITICAL - 2023-10-13 20:05:17 --> Undefined variable $alumnos
in APPPATH\Views\alumno\mostrar.php on line 13.
 1 APPPATH\Views\alumno\mostrar.php(13): CodeIgniter\Debug\Exceptions->errorHandler(2, 'Undefined variable $alumnos', 'C:\\xampp\\htdocs\\ApliConCodeIgniter4\\app\\Views\\alumno\\mostrar.php', 13)
 2 SYSTEMPATH\View\View.php(226): include('C:\\xampp\\htdocs\\ApliConCodeIgniter4\\app\\Views\\alumno\\mostrar.php')
 3 SYSTEMPATH\View\View.php(229): CodeIgniter\View\View->CodeIgniter\View\{closure}()
 4 SYSTEMPATH\Common.php(1188): CodeIgniter\View\View->render('alumno/mostrar', [], true)
 5 APPPATH\Controllers\Alumno.php(32): view('alumno/mostrar')
 6 SYSTEMPATH\CodeIgniter.php(919): App\Controllers\Alumno->agregar()
 7 SYSTEMPATH\CodeIgniter.php(494): CodeIgniter\CodeIgniter->runController(Object(App\Controllers\Alumno))
 8 SYSTEMPATH\CodeIgniter.php(353): CodeIgniter\CodeIgniter->handleRequest(null, Object(Config\Cache), false)
 9 FCPATH\index.php(79): CodeIgniter\CodeIgniter->run()
10 SYSTEMPATH\Commands\Server\rewrite.php(47): require_once('C:\\xampp\\htdocs\\ApliConCodeIgniter4\\public\\index.php')
CRITICAL - 2023-10-13 20:05:44 --> Undefined variable $alumnos
in APPPATH\Views\alumno\mostrar.php on line 13.
 1 APPPATH\Views\alumno\mostrar.php(13): CodeIgniter\Debug\Exceptions->errorHandler(2, 'Undefined variable $alumnos', 'C:\\xampp\\htdocs\\ApliConCodeIgniter4\\app\\Views\\alumno\\mostrar.php', 13)
 2 SYSTEMPATH\View\View.php(226): include('C:\\xampp\\htdocs\\ApliConCodeIgniter4\\app\\Views\\alumno\\mostrar.php')
 3 SYSTEMPATH\View\View.php(229): CodeIgniter\View\View->CodeIgniter\View\{closure}()
 4 SYSTEMPATH\Common.php(1188): CodeIgniter\View\View->render('alumno/mostrar', [], true)
 5 APPPATH\Controllers\Alumno.php(32): view('alumno/mostrar')
 6 SYSTEMPATH\CodeIgniter.php(919): App\Controllers\Alumno->agregar()
 7 SYSTEMPATH\CodeIgniter.php(494): CodeIgniter\CodeIgniter->runController(Object(App\Controllers\Alumno))
 8 SYSTEMPATH\CodeIgniter.php(353): CodeIgniter\CodeIgniter->handleRequest(null, Object(Config\Cache), false)
 9 FCPATH\index.php(79): CodeIgniter\CodeIgniter->run()
10 SYSTEMPATH\Commands\Server\rewrite.php(47): require_once('C:\\xampp\\htdocs\\ApliConCodeIgniter4\\public\\index.php')
CRITICAL - 2023-10-13 20:07:11 --> Undefined variable $validation
in APPPATH\Views\alumno\agregar.php on line 3.
 1 APPPATH\Views\alumno\agregar.php(3): CodeIgniter\Debug\Exceptions->errorHandler(2, 'Undefined variable $validation', 'C:\\xampp\\htdocs\\ApliConCodeIgniter4\\app\\Views\\alumno\\agregar.php', 3)
 2 SYSTEMPATH\View\View.php(226): include('C:\\xampp\\htdocs\\ApliConCodeIgniter4\\app\\Views\\alumno\\agregar.php')
 3 SYSTEMPATH\View\View.php(229): CodeIgniter\View\View->CodeIgniter\View\{closure}()
 4 SYSTEMPATH\Common.php(1188): CodeIgniter\View\View->render('alumno/agregar', [], true)
 5 APPPATH\Controllers\Alumno.php(32): view('alumno/agregar')
 6 SYSTEMPATH\CodeIgniter.php(919): App\Controllers\Alumno->agregar()
 7 SYSTEMPATH\CodeIgniter.php(494): CodeIgniter\CodeIgniter->runController(Object(App\Controllers\Alumno))
 8 SYSTEMPATH\CodeIgniter.php(353): CodeIgniter\CodeIgniter->handleRequest(null, Object(Config\Cache), false)
 9 FCPATH\index.php(79): CodeIgniter\CodeIgniter->run()
10 SYSTEMPATH\Commands\Server\rewrite.php(47): require_once('C:\\xampp\\htdocs\\ApliConCodeIgniter4\\public\\index.php')
CRITICAL - 2023-10-13 20:07:14 --> Undefined variable $validation
in APPPATH\Views\alumno\agregar.php on line 3.
 1 APPPATH\Views\alumno\agregar.php(3): CodeIgniter\Debug\Exceptions->errorHandler(2, 'Undefined variable $validation', 'C:\\xampp\\htdocs\\ApliConCodeIgniter4\\app\\Views\\alumno\\agregar.php', 3)
 2 SYSTEMPATH\View\View.php(226): include('C:\\xampp\\htdocs\\ApliConCodeIgniter4\\app\\Views\\alumno\\agregar.php')
 3 SYSTEMPATH\View\View.php(229): CodeIgniter\View\View->CodeIgniter\View\{closure}()
 4 SYSTEMPATH\Common.php(1188): CodeIgniter\View\View->render('alumno/agregar', [], true)
 5 APPPATH\Controllers\Alumno.php(32): view('alumno/agregar')
 6 SYSTEMPATH\CodeIgniter.php(919): App\Controllers\Alumno->agregar()
 7 SYSTEMPATH\CodeIgniter.php(494): CodeIgniter\CodeIgniter->runController(Object(App\Controllers\Alumno))
 8 SYSTEMPATH\CodeIgniter.php(353): CodeIgniter\CodeIgniter->handleRequest(null, Object(Config\Cache), false)
 9 FCPATH\index.php(79): CodeIgniter\CodeIgniter->run()
10 SYSTEMPATH\Commands\Server\rewrite.php(47): require_once('C:\\xampp\\htdocs\\ApliConCodeIgniter4\\public\\index.php')
CRITICAL - 2023-10-13 20:07:26 --> Undefined variable $validation
in APPPATH\Views\alumno\agregar.php on line 3.
 1 APPPATH\Views\alumno\agregar.php(3): CodeIgniter\Debug\Exceptions->errorHandler(2, 'Undefined variable $validation', 'C:\\xampp\\htdocs\\ApliConCodeIgniter4\\app\\Views\\alumno\\agregar.php', 3)
 2 SYSTEMPATH\View\View.php(226): include('C:\\xampp\\htdocs\\ApliConCodeIgniter4\\app\\Views\\alumno\\agregar.php')
 3 SYSTEMPATH\View\View.php(229): CodeIgniter\View\View->CodeIgniter\View\{closure}()
 4 SYSTEMPATH\Common.php(1188): CodeIgniter\View\View->render('alumno/agregar', [], true)
 5 APPPATH\Controllers\Alumno.php(32): view('alumno/agregar')
 6 SYSTEMPATH\CodeIgniter.php(919): App\Controllers\Alumno->agregar()
 7 SYSTEMPATH\CodeIgniter.php(494): CodeIgniter\CodeIgniter->runController(Object(App\Controllers\Alumno))
 8 SYSTEMPATH\CodeIgniter.php(353): CodeIgniter\CodeIgniter->handleRequest(null, Object(Config\Cache), false)
 9 FCPATH\index.php(79): CodeIgniter\CodeIgniter->run()
10 SYSTEMPATH\Commands\Server\rewrite.php(47): require_once('C:\\xampp\\htdocs\\ApliConCodeIgniter4\\public\\index.php')
CRITICAL - 2023-10-13 20:08:03 --> Undefined variable $validation
in APPPATH\Views\alumno\agregar.php on line 3.
 1 APPPATH\Views\alumno\agregar.php(3): CodeIgniter\Debug\Exceptions->errorHandler(2, 'Undefined variable $validation', 'C:\\xampp\\htdocs\\ApliConCodeIgniter4\\app\\Views\\alumno\\agregar.php', 3)
 2 SYSTEMPATH\View\View.php(226): include('C:\\xampp\\htdocs\\ApliConCodeIgniter4\\app\\Views\\alumno\\agregar.php')
 3 SYSTEMPATH\View\View.php(229): CodeIgniter\View\View->CodeIgniter\View\{closure}()
 4 SYSTEMPATH\Common.php(1188): CodeIgniter\View\View->render('alumno/agregar', [], true)
 5 APPPATH\Controllers\Alumno.php(32): view('alumno/agregar')
 6 SYSTEMPATH\CodeIgniter.php(919): App\Controllers\Alumno->agregar()
 7 SYSTEMPATH\CodeIgniter.php(494): CodeIgniter\CodeIgniter->runController(Object(App\Controllers\Alumno))
 8 SYSTEMPATH\CodeIgniter.php(353): CodeIgniter\CodeIgniter->handleRequest(null, Object(Config\Cache), false)
 9 FCPATH\index.php(79): CodeIgniter\CodeIgniter->run()
10 SYSTEMPATH\Commands\Server\rewrite.php(47): require_once('C:\\xampp\\htdocs\\ApliConCodeIgniter4\\public\\index.php')
