CRITICAL - 2023-10-10 02:10:21 --> Undefined array key "sexo"
in APPPATH\Controllers\Alumno.php on line 66.
 1 APPPATH\Controllers\Alumno.php(66): CodeIgniter\Debug\Exceptions->errorHandler(2, 'Undefined array key "sexo"', 'C:\\xampp\\htdocs\\ApliConCodeIgniter4\\app\\Controllers\\Alumno.php', 66)
 2 SYSTEMPATH\CodeIgniter.php(919): App\Controllers\Alumno->buscar()
 3 SYSTEMPATH\CodeIgniter.php(494): CodeIgniter\CodeIgniter->runController(Object(App\Controllers\Alumno))
 4 SYSTEMPATH\CodeIgniter.php(353): CodeIgniter\CodeIgniter->handleRequest(null, Object(Config\Cache), false)
 5 FCPATH\index.php(79): CodeIgniter\CodeIgniter->run()
 6 SYSTEMPATH\Commands\Server\rewrite.php(47): require_once('C:\\xampp\\htdocs\\ApliConCodeIgniter4\\public\\index.php')
CRITICAL - 2023-10-10 02:10:43 --> Undefined array key "nombre"
in APPPATH\Controllers\Materia.php on line 76.
 1 APPPATH\Controllers\Materia.php(76): CodeIgniter\Debug\Exceptions->errorHandler(2, 'Undefined array key "nombre"', 'C:\\xampp\\htdocs\\ApliConCodeIgniter4\\app\\Controllers\\Materia.php', 76)
 2 SYSTEMPATH\CodeIgniter.php(919): App\Controllers\Materia->buscar()
 3 SYSTEMPATH\CodeIgniter.php(494): CodeIgniter\CodeIgniter->runController(Object(App\Controllers\Materia))
 4 SYSTEMPATH\CodeIgniter.php(353): CodeIgniter\CodeIgniter->handleRequest(null, Object(Config\Cache), false)
 5 FCPATH\index.php(79): CodeIgniter\CodeIgniter->run()
 6 SYSTEMPATH\Commands\Server\rewrite.php(47): require_once('C:\\xampp\\htdocs\\ApliConCodeIgniter4\\public\\index.php')
CRITICAL - 2023-10-10 02:12:29 --> Undefined array key "noUnidades"
in APPPATH\Controllers\Materia.php on line 79.
 1 APPPATH\Controllers\Materia.php(79): CodeIgniter\Debug\Exceptions->errorHandler(2, 'Undefined array key "noUnidades"', 'C:\\xampp\\htdocs\\ApliConCodeIgniter4\\app\\Controllers\\Materia.php', 79)
 2 SYSTEMPATH\CodeIgniter.php(919): App\Controllers\Materia->buscar()
 3 SYSTEMPATH\CodeIgniter.php(494): CodeIgniter\CodeIgniter->runController(Object(App\Controllers\Materia))
 4 SYSTEMPATH\CodeIgniter.php(353): CodeIgniter\CodeIgniter->handleRequest(null, Object(Config\Cache), false)
 5 FCPATH\index.php(79): CodeIgniter\CodeIgniter->run()
 6 SYSTEMPATH\Commands\Server\rewrite.php(47): require_once('C:\\xampp\\htdocs\\ApliConCodeIgniter4\\public\\index.php')
